2025-09-09 18:51:23,753 - INFO - === Testing Notebook Import Logic ===
2025-09-09 18:51:23,753 - INFO - Websites to scrape: ['https://www.databricksters.com/', 'https://www.canadiandataguy.com/']
2025-09-09 18:51:23,753 - INFO - Delta table: main.default.blog_content_test
2025-09-09 18:51:23,754 - INFO - loading DEFAULT profile from ~/.databrickscfg: host, token, cluster_id
2025-09-09 18:51:24,107 - INFO - Connected to Databricks cluster via Databricks Connect
2025-09-09 18:51:24,107 - INFO - Delta table already exists: main.default.blog_content_test
2025-09-09 18:51:24,107 - INFO - ✅ BlogScraper initialized successfully
2025-09-09 18:51:24,107 - INFO - ✅ Loaded 2 hardcoded URLs
2025-09-09 18:51:24,107 - INFO - ✅ Testing quick scraper operation...
2025-09-09 18:51:24,107 - INFO - Delta table already exists: main.default.blog_content_test
2025-09-09 18:51:24,107 - INFO - ✅ Delta table initialized
2025-09-09 18:51:25,159 - INFO - ✅ Table query successful: 7 records
2025-09-09 18:51:25,160 - INFO - ✅ All notebook logic tests passed!
2025-09-09 18:56:33,121 - INFO - Testing with websites: ['https://www.databricksters.com/', 'https://www.canadiandataguy.com/']
2025-09-09 18:56:33,121 - INFO - Using Delta table: main.default.blog_content_test
2025-09-09 18:56:33,121 - INFO - loading DEFAULT profile from ~/.databrickscfg: host, token, cluster_id
2025-09-09 18:56:33,454 - INFO - Connected to Databricks cluster via Databricks Connect
2025-09-09 18:56:33,454 - INFO - Delta table already exists: main.default.blog_content_test
2025-09-09 18:56:33,454 - INFO - Loaded 2 hardcoded URLs
2025-09-09 18:56:33,454 - INFO - Testing with 2 specific URLs: ['https://www.databricksters.com/p/chat-with-your-data-in-slack-using', 'https://www.canadiandataguy.com/p/how-do-i-think-about-setting-spark']
2025-09-09 18:56:33,454 - INFO - Delta table already exists: main.default.blog_content_test
2025-09-09 18:56:33,454 - INFO - Processing test 1/2: https://www.databricksters.com/p/chat-with-your-data-in-slack-using
2025-09-09 18:56:33,701 - ERROR - Failed to process https://www.databricksters.com/p/chat-with-your-data-in-slack-using: too many values to unpack (expected 2)
2025-09-09 18:56:33,701 - INFO - Processing test 2/2: https://www.canadiandataguy.com/p/how-do-i-think-about-setting-spark
2025-09-09 18:56:33,926 - ERROR - Failed to process https://www.canadiandataguy.com/p/how-do-i-think-about-setting-spark: too many values to unpack (expected 2)
2025-09-09 18:56:34,930 - INFO - Total records in table: 7
2025-09-09 18:56:36,745 - INFO - Blog scraping test completed successfully!
